<?xml version="1.0" encoding="UTF-8"?>
<!-- Generated by org.testng.reporters.JUnitReportReporter -->
<testsuite hostname="LAPTOP-LBM6U9VC" failures="0" tests="1" name="com.mindtree.Runner.KeyChain_Search" time="7.121" errors="0" timestamp="2021-11-19T13:04:26 IST" skipped="0">
  <testcase classname="com.mindtree.Runner.KeyChain_Search" name="search_for_keyChain" time="7.121"/>
  <system-out/>
</testsuite> <!-- com.mindtree.Runner.KeyChain_Search -->
