<?xml version="1.0" encoding="UTF-8"?>
<!-- Generated by org.testng.reporters.JUnitReportReporter -->
<testsuite hostname="LAPTOP-LBM6U9VC" failures="0" tests="1" name="com.mindtree.Runner.New_Product_from_Personalized_Gifts" time="13.696" errors="0" timestamp="2021-11-19T13:04:26 IST" skipped="0">
  <testcase classname="com.mindtree.Runner.New_Product_from_Personalized_Gifts" name="adding_new_product_from_personalisedGifts_to_cart" time="13.696"/>
  <system-out/>
</testsuite> <!-- com.mindtree.Runner.New_Product_from_Personalized_Gifts -->
