<?xml version="1.0" encoding="UTF-8"?>
<!-- Generated by org.testng.reporters.JUnitReportReporter -->
<testsuite hostname="LAPTOP-LBM6U9VC" failures="0" tests="1" name="com.mindtree.Runner.Landing_on_GeekGiftsPage" time="11.111" errors="0" timestamp="2021-11-20T10:52:21 IST" skipped="0">
  <testcase classname="com.mindtree.Runner.Landing_on_GeekGiftsPage" name="Navigating_to_GeekGiftsPage" time="11.111"/>
  <system-out/>
</testsuite> <!-- com.mindtree.Runner.Landing_on_GeekGiftsPage -->
