<?xml version="1.0" encoding="UTF-8"?>
<!-- Generated by org.testng.reporters.JUnitReportReporter -->
<testsuite hostname="LAPTOP-LBM6U9VC" failures="0" tests="1" name="com.mindtree.Runner.HomePage_Title_Validation" time="3.363" errors="0" timestamp="2021-11-19T13:04:26 IST" skipped="0">
  <testcase classname="com.mindtree.Runner.HomePage_Title_Validation" name="Validate_HomePage_title" time="3.363"/>
  <system-out/>
</testsuite> <!-- com.mindtree.Runner.HomePage_Title_Validation -->
