<?xml version="1.0" encoding="UTF-8"?>
<!-- Generated by org.testng.reporters.JUnitReportReporter -->
<testsuite hostname="LAPTOP-LBM6U9VC" failures="0" tests="1" name="com.mindtree.Runner.Adding_product_to_cart_from_AllOfIt" time="10.216" errors="0" timestamp="2021-11-21T09:41:10 IST" skipped="0">
  <testcase classname="com.mindtree.Runner.Adding_product_to_cart_from_AllOfIt" name="add_to_cart_from_AllOfIt" time="10.216"/>
  <system-out/>
</testsuite> <!-- com.mindtree.Runner.Adding_product_to_cart_from_AllOfIt -->
