<?xml version="1.0" encoding="UTF-8"?>
<!-- Generated by org.testng.reporters.JUnitReportReporter -->
<testsuite hostname="LAPTOP-LBM6U9VC" failures="0" tests="1" name="com.mindtree.Runner.Adding_GiftCard_to_Cart" time="7.493" errors="0" timestamp="2021-11-22T07:52:49 IST" skipped="0">
  <testcase classname="com.mindtree.Runner.Adding_GiftCard_to_Cart" name="add_giftcard_to_cart" time="7.493"/>
  <system-out/>
</testsuite> <!-- com.mindtree.Runner.Adding_GiftCard_to_Cart -->
