<?xml version="1.0" encoding="UTF-8"?>
<!-- Generated by org.testng.reporters.JUnitReportReporter -->
<testsuite hostname="LAPTOP-LBM6U9VC" failures="0" tests="1" name="com.mindtree.Runner.HomePage_Title_Validation" time="4.817" errors="0" timestamp="22 Nov 2021 02:29:08 GMT">
  <testcase classname="com.mindtree.Runner.HomePage_Title_Validation" name="Validate_HomePage_title" time="4.817"/>
</testsuite> <!-- com.mindtree.Runner.HomePage_Title_Validation -->
