<?xml version="1.0" encoding="UTF-8"?>
<!-- Generated by org.testng.reporters.JUnitReportReporter -->
<testsuite hostname="LAPTOP-LBM6U9VC" failures="0" tests="1" name="com.mindtree.Runner.New_Product_from_Personalized_Gifts" time="13.456" errors="0" timestamp="22 Nov 2021 02:29:08 GMT">
  <testcase classname="com.mindtree.Runner.New_Product_from_Personalized_Gifts" name="adding_new_product_from_personalisedGifts_to_cart" time="13.456"/>
</testsuite> <!-- com.mindtree.Runner.New_Product_from_Personalized_Gifts -->
