<?xml version="1.0" encoding="UTF-8"?>
<!-- Generated by org.testng.reporters.JUnitReportReporter -->
<testsuite hostname="LAPTOP-LBM6U9VC" failures="0" tests="1" name="com.mindtree.Runner.search_for_a_specific_product" time="5.878" errors="0" timestamp="22 Nov 2021 02:29:08 GMT">
  <testcase classname="com.mindtree.Runner.search_for_a_specific_product" name="search_for_product" time="5.878"/>
</testsuite> <!-- com.mindtree.Runner.search_for_a_specific_product -->
