<?xml version="1.0" encoding="UTF-8"?>
<!-- Generated by org.testng.reporters.JUnitReportReporter -->
<testsuite hostname="LAPTOP-LBM6U9VC" failures="0" tests="1" name="com.mindtree.Runner.Landing_On_CreateAcountPage" time="6.776" errors="0" timestamp="22 Nov 2021 02:29:08 GMT">
  <testcase classname="com.mindtree.Runner.Landing_On_CreateAcountPage" name="navigate_to_createAccountPage" time="6.776"/>
</testsuite> <!-- com.mindtree.Runner.Landing_On_CreateAcountPage -->
