<?xml version="1.0" encoding="UTF-8"?>
<!-- Generated by org.testng.reporters.JUnitReportReporter -->
<testsuite hostname="LAPTOP-LBM6U9VC" failures="0" tests="1" name="com.mindtree.Runner.Landing_On_CraeteAcountPage" time="6.987" errors="0" timestamp="19 Nov 2021 07:43:27 GMT">
  <testcase classname="com.mindtree.Runner.Landing_On_CraeteAcountPage" name="navigate_to_createAccountPage" time="6.987"/>
</testsuite> <!-- com.mindtree.Runner.Landing_On_CraeteAcountPage -->
