<?xml version="1.0" encoding="UTF-8"?>
<!-- Generated by org.testng.reporters.JUnitReportReporter -->
<testsuite hostname="LAPTOP-LBM6U9VC" failures="0" tests="1" name="com.mindtree.Runner.Account_Creation_Check" time="9.547" errors="0" timestamp="22 Nov 2021 02:29:08 GMT">
  <testcase classname="com.mindtree.Runner.Account_Creation_Check" name="new_account_creation" time="9.547"/>
</testsuite> <!-- com.mindtree.Runner.Account_Creation_Check -->
