<?xml version="1.0" encoding="UTF-8"?>
<!-- Generated by org.testng.reporters.JUnitReportReporter -->
<testsuite hostname="LAPTOP-LBM6U9VC" failures="0" tests="1" name="com.mindtree.Runner.Sign_up_now_Check" time="3.384" errors="0" timestamp="22 Nov 2021 02:29:08 GMT">
  <testcase classname="com.mindtree.Runner.Sign_up_now_Check" name="check_sign_up_for_now" time="3.384"/>
</testsuite> <!-- com.mindtree.Runner.Sign_up_now_Check -->
