<?xml version="1.0" encoding="UTF-8"?>
<!-- Generated by org.testng.reporters.JUnitReportReporter -->
<testsuite hostname="LAPTOP-LBM6U9VC" failures="0" tests="1" name="com.mindtree.Runner.Product_Selection_from_Top50" time="6.332" errors="0" timestamp="22 Nov 2021 02:29:08 GMT">
  <testcase classname="com.mindtree.Runner.Product_Selection_from_Top50" name="select_product_from_Top50" time="6.332"/>
</testsuite> <!-- com.mindtree.Runner.Product_Selection_from_Top50 -->
