<?xml version="1.0" encoding="UTF-8"?>
<!-- Generated by org.testng.reporters.JUnitReportReporter -->
<testsuite hostname="LAPTOP-LBM6U9VC" failures="0" tests="1" name="com.mindtree.Runner.Adding_product_to_cart_from_AllOfIt" time="9.917" errors="0" timestamp="22 Nov 2021 02:29:08 GMT">
  <testcase classname="com.mindtree.Runner.Adding_product_to_cart_from_AllOfIt" name="add_to_cart_from_AllOfIt" time="9.917"/>
</testsuite> <!-- com.mindtree.Runner.Adding_product_to_cart_from_AllOfIt -->
